<?xml version="1.0" encoding="UTF-8"?>
<testng-results ignored="0" total="2" passed="2" failed="0" skipped="0">
  <reporter-output>
  </reporter-output>
  <suite started-at="2023-01-02T09:54:08 IST" name="Suite" finished-at="2023-01-02T10:00:01 IST" duration-ms="353429">
    <groups>
    </groups>
    <test started-at="2023-01-02T09:54:08 IST" name="Test" finished-at="2023-01-02T10:00:01 IST" duration-ms="353429">
      <class name="scripts.Testcase2">
        <test-method is-config="true" signature="openApp()[pri:0, instance:scripts.Testcase2@2f7298b]" started-at="2023-01-02T09:56:43 IST" name="openApp" finished-at="2023-01-02T09:57:13 IST" duration-ms="29572" status="PASS">
          <reporter-output>
          </reporter-output>
        </test-method> <!-- openApp -->
        <test-method signature="tc2()[pri:0, instance:scripts.Testcase2@2f7298b]" started-at="2023-01-02T09:57:13 IST" name="tc2" finished-at="2023-01-02T09:59:57 IST" duration-ms="164122" status="PASS">
          <reporter-output>
          </reporter-output>
        </test-method> <!-- tc2 -->
        <test-method is-config="true" signature="closeApp(org.testng.ITestResult)[pri:0, instance:scripts.Testcase2@2f7298b]" started-at="2023-01-02T09:59:57 IST" name="closeApp" finished-at="2023-01-02T10:00:01 IST" duration-ms="4152" status="PASS">
          <params>
            <param index="0">
              <value>
                <![CDATA[[TestResult name=tc2 status=SUCCESS method=Testcase2.tc2()[pri:0, instance:scripts.Testcase2@2f7298b] output={null}]]]>
              </value>
            </param>
          </params>
          <reporter-output>
          </reporter-output>
        </test-method> <!-- closeApp -->
      </class> <!-- scripts.Testcase2 -->
      <class name="scripts.Testcase1">
        <test-method is-config="true" signature="openApp()[pri:0, instance:scripts.Testcase1@64cd705f]" started-at="2023-01-02T09:54:08 IST" name="openApp" finished-at="2023-01-02T09:56:06 IST" duration-ms="117945" status="PASS">
          <reporter-output>
          </reporter-output>
        </test-method> <!-- openApp -->
        <test-method signature="tc1()[pri:0, instance:scripts.Testcase1@64cd705f]" started-at="2023-01-02T09:56:06 IST" name="tc1" finished-at="2023-01-02T09:56:39 IST" duration-ms="33096" status="PASS">
          <reporter-output>
          </reporter-output>
        </test-method> <!-- tc1 -->
        <test-method is-config="true" signature="closeApp(org.testng.ITestResult)[pri:0, instance:scripts.Testcase1@64cd705f]" started-at="2023-01-02T09:56:39 IST" name="closeApp" finished-at="2023-01-02T09:56:43 IST" duration-ms="4245" status="PASS">
          <params>
            <param index="0">
              <value>
                <![CDATA[[TestResult name=tc1 status=SUCCESS method=Testcase1.tc1()[pri:0, instance:scripts.Testcase1@64cd705f] output={null}]]]>
              </value>
            </param>
          </params>
          <reporter-output>
          </reporter-output>
        </test-method> <!-- closeApp -->
      </class> <!-- scripts.Testcase1 -->
    </test> <!-- Test -->
  </suite> <!-- Suite -->
</testng-results>
